<?xml version="1.0" encoding="UTF-8" ?>
<testsuite tests="2" failures="1" name="datasource.OrderMapperTest" time="2.309" errors="0" skipped="0">
  <properties>
[...]
</properties>
  <testcase classname="datasource.OrderMapperTest" name="testCountOrders" time="1.956">
    <failure message="expected:&lt;1&gt; but was:&lt;4&gt;" type="java.lang.AssertionError">java.lang.AssertionError: expected:&lt;1&gt; but was:&lt;4&gt;
	at org.junit.Assert.fail(Assert.java:88)
	at org.junit.Assert.failNotEquals(Assert.java:834)
	at org.junit.Assert.assertEquals(Assert.java:645)
	at org.junit.Assert.assertEquals(Assert.java:631)
	at datasource.OrderMapperTest.testCountOrders(OrderMapperTest.java:69)
	at sun.reflect.NativeMethodAccessorImpl.invoke0(Native Method)
	at sun.reflect.NativeMethodAccessorImpl.invoke(NativeMethodAccessorImpl.java:62)
	at sun.reflect.DelegatingMethodAccessorImpl.invoke(DelegatingMethodAccessorImpl.java:43)
	at java.lang.reflect.Method.invoke(Method.java:498)
	at org.junit.runners.model.FrameworkMethod$1.runReflectiveCall(FrameworkMethod.java:50)
	at org.junit.internal.runners.model.ReflectiveCallable.run(ReflectiveCallable.java:12)
	at org.junit.runners.model.FrameworkMethod.invokeExplosively(FrameworkMethod.java:47)
	at org.junit.internal.runners.statements.InvokeMethod.evaluate(InvokeMethod.java:17)
	at org.junit.internal.runners.statements.RunBefores.evaluate(RunBefores.java:26)
	at org.junit.runners.ParentRunner.runLeaf(ParentRunner.java:325)
	at org.junit.runners.BlockJUnit4ClassRunner.runChild(BlockJUnit4ClassRunner.java:78)
	at org.junit.runners.BlockJUnit4ClassRunner.runChild(BlockJUnit4ClassRunner.java:57)
	at org.junit.runners.ParentRunner$3.run(ParentRunner.java:290)
	at org.junit.runners.ParentRunner$1.schedule(ParentRunner.java:71)
	at org.junit.runners.ParentRunner.runChildren(ParentRunner.java:288)
	at org.junit.runners.ParentRunner.access$000(ParentRunner.java:58)
	at org.junit.runners.ParentRunner$2.evaluate(ParentRunner.java:268)
	at org.junit.runners.ParentRunner.run(ParentRunner.java:363)
	at org.apache.maven.surefire.junit4.JUnit4TestSet.execute(JUnit4TestSet.java:53)
	at org.apache.maven.surefire.junit4.JUnit4Provider.executeTestSet(JUnit4Provider.java:123)
	at org.apache.maven.surefire.junit4.JUnit4Provider.invoke(JUnit4Provider.java:104)
	at sun.reflect.NativeMethodAccessorImpl.invoke0(Native Method)
	at sun.reflect.NativeMethodAccessorImpl.invoke(NativeMethodAccessorImpl.java:62)
	at sun.reflect.DelegatingMethodAccessorImpl.invoke(DelegatingMethodAccessorImpl.java:43)
	at java.lang.reflect.Method.invoke(Method.java:498)
	at org.apache.maven.surefire.util.ReflectionUtils.invokeMethodWithArray(ReflectionUtils.java:164)
	at org.apache.maven.surefire.booter.ProviderFactory$ProviderProxy.invoke(ProviderFactory.java:110)
	at org.apache.maven.surefire.booter.SurefireStarter.invokeProvider(SurefireStarter.java:175)
	at org.apache.maven.surefire.booter.SurefireStarter.runSuitesInProcessWhenForked(SurefireStarter.java:107)
	at org.apache.maven.surefire.booter.ForkedBooter.main(ForkedBooter.java:68)
</failure>
    <system-out>[Nr: 1, pizza med Margarita, pris: 45  antal pizzaer: 0
, Nr: 2, pizza med Skinke, pris: 50  antal pizzaer: 0
, Nr: 3, pizza med Pepperoni, pris: 60  antal pizzaer: 0
, Nr: 4, pizza med Carbonara, pris: 55  antal pizzaer: 0
, Nr: 5, pizza med Silvia, pris: 60  antal pizzaer: 0
, Nr: 6, pizza med Amerikaner, pris: 69  antal pizzaer: 0
, Nr: 7, pizza med Bertil, pris: 55  antal pizzaer: 0
, Nr: 8, pizza med Victoria, pris: 50  antal pizzaer: 0
, Nr: 9, pizza med Mafia, pris: 120  antal pizzaer: 0
, Nr: 10, pizza med Steve Jobs, pris: 125  antal pizzaer: 0
, Nr: 11, pizza med Hval, pris: 99  antal pizzaer: 0
, Nr: 12, pizza med Chili, pris: 45  antal pizzaer: 0
, Nr: 13, pizza med Mario, pris: 75  antal pizzaer: 0
, Nr: 14, pizza med Gollum, pris: 25  antal pizzaer: 0
, Nr: 15, pizza med Potter, pris: 85  antal pizzaer: 0
]
</system-out>
  </testcase>
  <testcase classname="datasource.OrderMapperTest" name="testInsertOrders" time="0.058"/>
</testsuite>